{
  "RSpec": {
    "coverage": {
      "/Users/July/turing/1module/Projects/enigma/lib/cryptographer.rb": [
        1,
        null,
        1,
        null,
        1,
        15,
        15,
        86,
        null,
        null,
        null,
        1,
        11,
        11,
        18,
        null,
        null,
        null,
        1,
        5,
        5,
        8,
        24,
        null,
        null,
        null,
        null,
        1,
        5,
        5,
        8,
        24,
        null,
        null,
        null,
        null,
        1,
        8,
        8,
        8,
        null,
        null,
        1,
        4,
        4,
        4,
        null,
        4,
        19,
        null,
        null,
        4,
        null,
        null,
        1,
        4,
        4,
        4,
        null,
        4,
        19,
        null,
        null,
        4,
        null,
        null,
        1,
        3,
        3,
        3,
        24,
        null,
        null,
        1,
        3,
        3,
        21,
        19,
        null,
        21,
        null,
        null,
        null,
        1,
        31,
        28,
        28,
        6,
        null,
        22,
        null,
        3,
        3,
        3,
        null,
        null,
        null,
        1,
        3,
        3,
        3,
        null,
        null,
        1,
        3,
        3,
        3,
        null,
        3,
        31,
        null,
        3,
        null,
        null,
        null
      ],
      "/Users/July/turing/1module/Projects/enigma/lib/enigma.rb": [
        1,
        null,
        1,
        null,
        1,
        1,
        null,
        1,
        22,
        22,
        null,
        null,
        1,
        12,
        null,
        null,
        1,
        12,
        12,
        12,
        null,
        null,
        1,
        11,
        11,
        55,
        null,
        null,
        1,
        245,
        245,
        null,
        245,
        null,
        null,
        null,
        1,
        88,
        null,
        null,
        null
      ],
      "/Users/July/turing/1module/Projects/enigma/spec/enigma_test.rb": [
        1,
        1,
        null,
        1,
        1,
        1,
        null,
        1,
        null,
        1,
        1,
        1,
        null,
        null,
        1,
        1,
        1,
        1,
        null,
        null,
        1,
        1,
        1,
        1,
        null,
        null,
        1,
        1,
        1,
        1,
        null,
        null,
        1,
        1,
        1,
        1,
        null,
        null,
        1,
        1,
        1,
        null,
        null,
        null,
        null,
        null,
        null,
        null,
        1,
        1,
        1,
        null,
        null,
        null
      ]
    },
    "timestamp": 1450316280
  }
}
