{
  "RSpec": {
    "coverage": {
      "/Users/July/turing/1module/Projects/enigma/lib/cryptographer.rb": [
        1,
        null,
        1,
        null,
        1,
        66,
        null,
        null,
        1,
        6,
        6,
        6,
        null,
        null,
        1,
        10,
        10,
        41,
        null,
        null,
        null,
        1,
        9,
        9,
        14,
        null,
        null,
        null,
        1,
        4,
        4,
        6,
        3,
        3,
        3,
        3,
        null,
        1,
        1,
        1,
        null,
        0,
        0,
        null,
        2,
        0,
        null,
        null,
        null,
        null,
        1,
        4,
        4,
        6,
        3,
        3,
        3,
        3,
        null,
        1,
        1,
        1,
        null,
        0,
        0,
        null,
        2,
        0,
        null,
        null,
        null,
        null,
        1,
        3,
        3,
        3,
        3,
        3,
        null,
        3,
        12,
        null,
        null,
        3,
        null,
        null,
        1,
        3,
        3,
        3,
        3,
        3,
        null,
        3,
        12,
        null,
        null,
        3,
        null,
        null,
        1,
        null,
        null,
        null,
        null,
        null,
        null,
        null
      ],
      "/Users/July/turing/1module/Projects/enigma/lib/enigma.rb": [
        1,
        null,
        1,
        null,
        1,
        null,
        null,
        null,
        1,
        null,
        1,
        0,
        0,
        null,
        null,
        1,
        0,
        0,
        0,
        0,
        null,
        null,
        1,
        0,
        0,
        0,
        0,
        0,
        0,
        null,
        null,
        1,
        0,
        0,
        0,
        0,
        null,
        null,
        null
      ],
      "/Users/July/turing/1module/Projects/enigma/spec/enigma_test.rb": [
        1,
        1,
        null,
        1,
        1,
        1,
        null,
        1,
        null,
        1,
        1,
        1,
        null,
        null,
        1,
        1,
        1,
        1,
        null,
        null,
        1,
        1,
        1,
        1,
        null,
        null,
        1,
        1,
        1,
        1,
        1,
        1,
        null,
        null,
        1,
        1,
        1,
        1,
        1,
        1,
        null,
        null,
        null
      ],
      "/Users/July/turing/1module/Projects/enigma/lib/Enigma.rb": [
        1,
        null,
        1,
        null,
        1,
        null,
        null,
        null,
        1,
        null,
        1,
        16,
        16,
        null,
        null,
        1,
        10,
        10,
        10,
        10,
        null,
        null,
        1,
        10,
        10,
        10,
        10,
        10,
        10,
        null,
        null,
        1,
        9,
        9,
        9,
        9,
        null,
        null,
        null
      ]
    },
    "timestamp": 1450227656
  }
}
